<?xml version="1.0" encoding="UTF-8"?>
<!-- Generated by org.testng.reporters.JUnitReportReporter -->
<testsuite hostname="DESKTOP-3IUQDVQ" failures="0" tests="1" name="com.todos.tests.AddTodoTest" time="8.283" errors="0" timestamp="17 Dec 2020 23:02:52 GMT">
  <testcase classname="com.todos.tests.AddTodoTest" name="iCanAddTodo" time="8.283"/>
</testsuite> <!-- com.todos.tests.AddTodoTest -->
